{
  "0 debug pnpm:scope": {
    "selected": 1,
    "workspacePrefix": "/Users/karlvr/Development/immutable-state-controller"
  },
  "1 error pnpm": {
    "errno": 1,
    "code": "ELIFECYCLE",
    "pkgid": "immutable-state-controller-root@0.0.1",
    "stage": "build",
    "script": "pnpm build --recursive",
    "pkgname": "immutable-state-controller-root",
    "err": {
      "name": "pnpm",
      "message": "immutable-state-controller-root@0.0.1 build: `pnpm build --recursive`\nExit status 1",
      "code": "ELIFECYCLE",
      "stack": "pnpm: immutable-state-controller-root@0.0.1 build: `pnpm build --recursive`\nExit status 1\n    at EventEmitter.<anonymous> (/Users/karlvr/.nvm/versions/node/v14.18.1/lib/node_modules/pnpm/dist/pnpm.cjs:104836:20)\n    at EventEmitter.emit (events.js:400:28)\n    at ChildProcess.<anonymous> (/Users/karlvr/.nvm/versions/node/v14.18.1/lib/node_modules/pnpm/dist/pnpm.cjs:92825:18)\n    at ChildProcess.emit (events.js:400:28)\n    at maybeClose (internal/child_process.js:1058:16)\n    at Process.ChildProcess._handle.onexit (internal/child_process.js:293:5)"
    }
  },
  "2 warn pnpm:global": " Local package.json exists, but node_modules missing, did you mean to install?"
}